<?xml version="1.0" encoding="UTF-8"?>
<!-- Generated by org.testng.reporters.JUnitReportReporter -->
<testsuite hostname="Maheshwaran" failures="0" tests="2" name="com.runner.Runner" time="23.744" errors="0" timestamp="2022-12-28T08:18:58 IST" skipped="0">
  <testcase classname="com.runner.Runner" name="runScenario" time="11.059"/>
  <system-out/>
  <testcase classname="com.runner.Runner" name="runScenario" time="12.685"/>
  <system-out/>
</testsuite> <!-- com.runner.Runner -->
